gyp info it worked if it ends with ok
gyp info using node-gyp@7.1.2
gyp info using node@16.9.0 | darwin | arm64
gyp info find Python using Python version 3.8.8 found at "/Users/jessicakamdem/opt/anaconda3/bin/python3"
(node:4532) [DEP0150] DeprecationWarning: Setting process.config is deprecated. In the future the property will be read-only.
(Use `node --trace-deprecation ...` to show where the warning was created)
gyp info spawn /Users/jessicakamdem/opt/anaconda3/bin/python3
gyp info spawn args [
gyp info spawn args   '/opt/homebrew/lib/node_modules/npm/node_modules/node-gyp/gyp/gyp_main.py',
gyp info spawn args   'binding.gyp',
gyp info spawn args   '-f',
gyp info spawn args   'make',
gyp info spawn args   '-I',
gyp info spawn args   '/Users/jessicakamdem/development/NFT_solidity/node_modules/web3-providers-ws/node_modules/websocket/build/config.gypi',
gyp info spawn args   '-I',
gyp info spawn args   '/opt/homebrew/lib/node_modules/npm/node_modules/node-gyp/addon.gypi',
gyp info spawn args   '-I',
gyp info spawn args   '/Users/jessicakamdem/Library/Caches/node-gyp/16.9.0/include/node/common.gypi',
gyp info spawn args   '-Dlibrary=shared_library',
gyp info spawn args   '-Dvisibility=default',
gyp info spawn args   '-Dnode_root_dir=/Users/jessicakamdem/Library/Caches/node-gyp/16.9.0',
gyp info spawn args   '-Dnode_gyp_dir=/opt/homebrew/lib/node_modules/npm/node_modules/node-gyp',
gyp info spawn args   '-Dnode_lib_file=/Users/jessicakamdem/Library/Caches/node-gyp/16.9.0/<(target_arch)/node.lib',
gyp info spawn args   '-Dmodule_root_dir=/Users/jessicakamdem/development/NFT_solidity/node_modules/web3-providers-ws/node_modules/websocket',
gyp info spawn args   '-Dnode_engine=v8',
gyp info spawn args   '--depth=.',
gyp info spawn args   '--no-parallel',
gyp info spawn args   '--generator-output',
gyp info spawn args   'build',
gyp info spawn args   '-Goutput_dir=.'
gyp info spawn args ]
gyp info spawn make
gyp info spawn args [ 'BUILDTYPE=Release', '-C', 'build' ]
../src/bufferutil.cc:34:86: error: too few arguments to function call, single argument 'context' was not specified
    Nan::Set(target, Nan::New<String>("BufferUtil").ToLocalChecked(), t->GetFunction());
                                                                      ~~~~~~~~~~~~~~ ^
/Users/jessicakamdem/Library/Caches/node-gyp/16.9.0/include/node/v8.h:6800:46: note: 'GetFunction' declared here
  V8_WARN_UNUSED_RESULT MaybeLocal<Function> GetFunction(
                                             ^
../src/bufferutil.cc:34:5: error: no matching function for call to 'Set'
    Nan::Set(target, Nan::New<String>("BufferUtil").ToLocalChecked(), t->GetFunction());
    ^~~~~~~~
../../../../nan/nan_maybe_43_inl.h:74:20: note: candidate function not viable: no known conversion from 'MaybeLocal<v8::Function>' to 'v8::Local<v8::Value>' for 3rd argument
inline Maybe<bool> Set(
                   ^
../../../../nan/nan_maybe_43_inl.h:83:20: note: candidate function not viable: no known conversion from 'Local<v8::String>' to 'uint32_t' (aka 'unsigned int') for 2nd argument
inline Maybe<bool> Set(
                   ^
../src/bufferutil.cc:50:49: error: too few arguments to function call, single argument 'context' was not specified
    Local<Object> bufferObj = info[0]->ToObject();
                              ~~~~~~~~~~~~~~~~~ ^
/Users/jessicakamdem/Library/Caches/node-gyp/16.9.0/include/node/v8.h:3060:44: note: 'ToObject' declared here
  V8_WARN_UNUSED_RESULT MaybeLocal<Object> ToObject(
                                           ^
../src/bufferutil.cc:50:19: error: no viable conversion from 'MaybeLocal<v8::Object>' to 'Local<v8::Object>'
    Local<Object> bufferObj = info[0]->ToObject();
                  ^           ~~~~~~~~~~~~~~~~~~~
/Users/jessicakamdem/Library/Caches/node-gyp/16.9.0/include/node/v8.h:200:7: note: candidate constructor (the implicit copy constructor) not viable: no known conversion from 'MaybeLocal<v8::Object>' to 'const v8::Local<v8::Object> &' for 1st argument
class Local {
      ^
/Users/jessicakamdem/Library/Caches/node-gyp/16.9.0/include/node/v8.h:200:7: note: candidate constructor (the implicit move constructor) not viable: no known conversion from 'MaybeLocal<v8::Object>' to 'v8::Local<v8::Object> &&' for 1st argument
/Users/jessicakamdem/Library/Caches/node-gyp/16.9.0/include/node/v8.h:204:13: note: candidate template ignored: could not match 'Local' against 'MaybeLocal'
  V8_INLINE Local(Local<S> that)
            ^
/Users/jessicakamdem/Library/Caches/node-gyp/16.9.0/include/node/v8.h:348:22: note: explicit constructor is not a candidate
  explicit V8_INLINE Local(T* that) : val_(that) {}
                     ^
../src/bufferutil.cc:57:34: error: no matching member function for call to 'Get'
      Local<Object> src = array->Get(i)->ToObject();
                          ~~~~~~~^~~
/Users/jessicakamdem/Library/Caches/node-gyp/16.9.0/include/node/v8.h:4007:43: note: candidate function not viable: requires 2 arguments, but 1 was provided
  V8_WARN_UNUSED_RESULT MaybeLocal<Value> Get(Local<Context> context,
                                          ^
/Users/jessicakamdem/Library/Caches/node-gyp/16.9.0/include/node/v8.h:4010:43: note: candidate function not viable: requires 2 arguments, but 1 was provided
  V8_WARN_UNUSED_RESULT MaybeLocal<Value> Get(Local<Context> context,
                                          ^
../src/bufferutil.cc:68:50: error: too few arguments to function call, single argument 'context' was not specified
    Local<Object> buffer_obj = info[0]->ToObject();
                               ~~~~~~~~~~~~~~~~~ ^
/Users/jessicakamdem/Library/Caches/node-gyp/16.9.0/include/node/v8.h:3060:44: note: 'ToObject' declared here
  V8_WARN_UNUSED_RESULT MaybeLocal<Object> ToObject(
                                           ^
../src/bufferutil.cc:68:19: error: no viable conversion from 'MaybeLocal<v8::Object>' to 'Local<v8::Object>'
    Local<Object> buffer_obj = info[0]->ToObject();
                  ^            ~~~~~~~~~~~~~~~~~~~
/Users/jessicakamdem/Library/Caches/node-gyp/16.9.0/include/node/v8.h:200:7: note: candidate constructor (the implicit copy constructor) not viable: no known conversion from 'MaybeLocal<v8::Object>' to 'const v8::Local<v8::Object> &' for 1st argument
class Local {
      ^
/Users/jessicakamdem/Library/Caches/node-gyp/16.9.0/include/node/v8.h:200:7: note: candidate constructor (the implicit move constructor) not viable: no known conversion from 'MaybeLocal<v8::Object>' to 'v8::Local<v8::Object> &&' for 1st argument
/Users/jessicakamdem/Library/Caches/node-gyp/16.9.0/include/node/v8.h:204:13: note: candidate template ignored: could not match 'Local' against 'MaybeLocal'
  V8_INLINE Local(Local<S> that)
            ^
/Users/jessicakamdem/Library/Caches/node-gyp/16.9.0/include/node/v8.h:348:22: note: explicit constructor is not a candidate
  explicit V8_INLINE Local(T* that) : val_(that) {}
                     ^
../src/bufferutil.cc:70:48: error: too few arguments to function call, single argument 'context' was not specified
    Local<Object> mask_obj = info[1]->ToObject();
                             ~~~~~~~~~~~~~~~~~ ^
/Users/jessicakamdem/Library/Caches/node-gyp/16.9.0/include/node/v8.h:3060:44: note: 'ToObject' declared here
  V8_WARN_UNUSED_RESULT MaybeLocal<Object> ToObject(
                                           ^
../src/bufferutil.cc:70:19: error: no viable conversion from 'MaybeLocal<v8::Object>' to 'Local<v8::Object>'
    Local<Object> mask_obj = info[1]->ToObject();
                  ^          ~~~~~~~~~~~~~~~~~~~
/Users/jessicakamdem/Library/Caches/node-gyp/16.9.0/include/node/v8.h:200:7: note: candidate constructor (the implicit copy constructor) not viable: no known conversion from 'MaybeLocal<v8::Object>' to 'const v8::Local<v8::Object> &' for 1st argument
class Local {
      ^
/Users/jessicakamdem/Library/Caches/node-gyp/16.9.0/include/node/v8.h:200:7: note: candidate constructor (the implicit move constructor) not viable: no known conversion from 'MaybeLocal<v8::Object>' to 'v8::Local<v8::Object> &&' for 1st argument
/Users/jessicakamdem/Library/Caches/node-gyp/16.9.0/include/node/v8.h:204:13: note: candidate template ignored: could not match 'Local' against 'MaybeLocal'
  V8_INLINE Local(Local<S> that)
            ^
/Users/jessicakamdem/Library/Caches/node-gyp/16.9.0/include/node/v8.h:348:22: note: explicit constructor is not a candidate
  explicit V8_INLINE Local(T* that) : val_(that) {}
                     ^
../src/bufferutil.cc:89:50: error: too few arguments to function call, single argument 'context' was not specified
    Local<Object> buffer_obj = info[0]->ToObject();
                               ~~~~~~~~~~~~~~~~~ ^
/Users/jessicakamdem/Library/Caches/node-gyp/16.9.0/include/node/v8.h:3060:44: note: 'ToObject' declared here
  V8_WARN_UNUSED_RESULT MaybeLocal<Object> ToObject(
                                           ^
../src/bufferutil.cc:89:19: error: no viable conversion from 'MaybeLocal<v8::Object>' to 'Local<v8::Object>'
    Local<Object> buffer_obj = info[0]->ToObject();
                  ^            ~~~~~~~~~~~~~~~~~~~
/Users/jessicakamdem/Library/Caches/node-gyp/16.9.0/include/node/v8.h:200:7: note: candidate constructor (the implicit copy constructor) not viable: no known conversion from 'MaybeLocal<v8::Object>' to 'const v8::Local<v8::Object> &' for 1st argument
class Local {
      ^
/Users/jessicakamdem/Library/Caches/node-gyp/16.9.0/include/node/v8.h:200:7: note: candidate constructor (the implicit move constructor) not viable: no known conversion from 'MaybeLocal<v8::Object>' to 'v8::Local<v8::Object> &&' for 1st argument
/Users/jessicakamdem/Library/Caches/node-gyp/16.9.0/include/node/v8.h:204:13: note: candidate template ignored: could not match 'Local' against 'MaybeLocal'
  V8_INLINE Local(Local<S> that)
            ^
/Users/jessicakamdem/Library/Caches/node-gyp/16.9.0/include/node/v8.h:348:22: note: explicit constructor is not a candidate
  explicit V8_INLINE Local(T* that) : val_(that) {}
                     ^
../src/bufferutil.cc:90:48: error: too few arguments to function call, single argument 'context' was not specified
    Local<Object> mask_obj = info[1]->ToObject();
                             ~~~~~~~~~~~~~~~~~ ^
/Users/jessicakamdem/Library/Caches/node-gyp/16.9.0/include/node/v8.h:3060:44: note: 'ToObject' declared here
  V8_WARN_UNUSED_RESULT MaybeLocal<Object> ToObject(
                                           ^
../src/bufferutil.cc:90:19: error: no viable conversion from 'MaybeLocal<v8::Object>' to 'Local<v8::Object>'
    Local<Object> mask_obj = info[1]->ToObject();
                  ^          ~~~~~~~~~~~~~~~~~~~
/Users/jessicakamdem/Library/Caches/node-gyp/16.9.0/include/node/v8.h:200:7: note: candidate constructor (the implicit copy constructor) not viable: no known conversion from 'MaybeLocal<v8::Object>' to 'const v8::Local<v8::Object> &' for 1st argument
class Local {
      ^
/Users/jessicakamdem/Library/Caches/node-gyp/16.9.0/include/node/v8.h:200:7: note: candidate constructor (the implicit move constructor) not viable: no known conversion from 'MaybeLocal<v8::Object>' to 'v8::Local<v8::Object> &&' for 1st argument
/Users/jessicakamdem/Library/Caches/node-gyp/16.9.0/include/node/v8.h:204:13: note: candidate template ignored: could not match 'Local' against 'MaybeLocal'
  V8_INLINE Local(Local<S> that)
            ^
/Users/jessicakamdem/Library/Caches/node-gyp/16.9.0/include/node/v8.h:348:22: note: explicit constructor is not a candidate
  explicit V8_INLINE Local(T* that) : val_(that) {}
                     ^
../src/bufferutil.cc:92:50: error: too few arguments to function call, single argument 'context' was not specified
    Local<Object> output_obj = info[2]->ToObject();
                               ~~~~~~~~~~~~~~~~~ ^
/Users/jessicakamdem/Library/Caches/node-gyp/16.9.0/include/node/v8.h:3060:44: note: 'ToObject' declared here
  V8_WARN_UNUSED_RESULT MaybeLocal<Object> ToObject(
                                           ^
../src/bufferutil.cc:92:19: error: no viable conversion from 'MaybeLocal<v8::Object>' to 'Local<v8::Object>'
    Local<Object> output_obj = info[2]->ToObject();
                  ^            ~~~~~~~~~~~~~~~~~~~
/Users/jessicakamdem/Library/Caches/node-gyp/16.9.0/include/node/v8.h:200:7: note: candidate constructor (the implicit copy constructor) not viable: no known conversion from 'MaybeLocal<v8::Object>' to 'const v8::Local<v8::Object> &' for 1st argument
class Local {
      ^
/Users/jessicakamdem/Library/Caches/node-gyp/16.9.0/include/node/v8.h:200:7: note: candidate constructor (the implicit move constructor) not viable: no known conversion from 'MaybeLocal<v8::Object>' to 'v8::Local<v8::Object> &&' for 1st argument
/Users/jessicakamdem/Library/Caches/node-gyp/16.9.0/include/node/v8.h:204:13: note: candidate template ignored: could not match 'Local' against 'MaybeLocal'
  V8_INLINE Local(Local<S> that)
            ^
/Users/jessicakamdem/Library/Caches/node-gyp/16.9.0/include/node/v8.h:348:22: note: explicit constructor is not a candidate
  explicit V8_INLINE Local(T* that) : val_(that) {}
                     ^
../src/bufferutil.cc:93:51: error: too few arguments to function call, single argument 'context' was not specified
    unsigned int dataOffset = info[3]->Int32Value();
                              ~~~~~~~~~~~~~~~~~~~ ^
/Users/jessicakamdem/Library/Caches/node-gyp/16.9.0/include/node/v8.h:3107:40: note: 'Int32Value' declared here
  V8_WARN_UNUSED_RESULT Maybe<int32_t> Int32Value(Local<Context> context) const;
                                       ^
../src/bufferutil.cc:93:18: error: no viable conversion from 'Maybe<int32_t>' (aka 'Maybe<int>') to 'unsigned int'
    unsigned int dataOffset = info[3]->Int32Value();
                 ^            ~~~~~~~~~~~~~~~~~~~~~
../src/bufferutil.cc:94:47: error: too few arguments to function call, single argument 'context' was not specified
    unsigned int length = info[4]->Int32Value();
                          ~~~~~~~~~~~~~~~~~~~ ^
/Users/jessicakamdem/Library/Caches/node-gyp/16.9.0/include/node/v8.h:3107:40: note: 'Int32Value' declared here
  V8_WARN_UNUSED_RESULT Maybe<int32_t> Int32Value(Local<Context> context) const;
                                       ^
../src/bufferutil.cc:94:18: error: no viable conversion from 'Maybe<int32_t>' (aka 'Maybe<int>') to 'unsigned int'
    unsigned int length = info[4]->Int32Value();
                 ^        ~~~~~~~~~~~~~~~~~~~~~
19 errors generated.
make: *** [Release/obj.target/bufferutil/src/bufferutil.o] Error 1
gyp ERR! build error 
gyp ERR! stack Error: `make` failed with exit code: 2
gyp ERR! stack     at ChildProcess.onExit (/opt/homebrew/lib/node_modules/npm/node_modules/node-gyp/lib/build.js:194:23)
gyp ERR! stack     at ChildProcess.emit (node:events:394:28)
gyp ERR! stack     at Process.ChildProcess._handle.onexit (node:internal/child_process:290:12)
gyp ERR! System Darwin 21.2.0
gyp ERR! command "/opt/homebrew/Cellar/node/16.9.0/bin/node" "/opt/homebrew/lib/node_modules/npm/node_modules/node-gyp/bin/node-gyp.js" "rebuild"
gyp ERR! cwd /Users/jessicakamdem/development/NFT_solidity/node_modules/web3-providers-ws/node_modules/websocket
gyp ERR! node -v v16.9.0
gyp ERR! node-gyp -v v7.1.2
gyp ERR! not ok 
